0 info it worked if it ends with ok
1 verbose cli [ 'C:\\Program Files\\nodejs\\node.exe',
1 verbose cli   'C:\\ProgramData\\chocolatey\\lib\\npm\\tools\\node_modules\\npm\\bin\\npm-cli.js',
1 verbose cli   'run',
1 verbose cli   'serve' ]
2 info using npm@1.4.9
3 info using node@v7.9.0
4 verbose run-script [ 'preserve', 'serve', 'postserve' ]
5 info preserve cannes_poll@1.0.0
6 info serve cannes_poll@1.0.0
7 verbose unsafe-perm in lifecycle true
8 info cannes_poll@1.0.0 Failed to exec serve script
9 error cannes_poll@1.0.0 serve: `node server.js`
9 error Exit status 1
10 error Failed at the cannes_poll@1.0.0 serve script.
10 error This is most likely a problem with the cannes_poll package,
10 error not with npm itself.
10 error Tell the author that this fails on your system:
10 error     node server.js
10 error You can get their info via:
10 error     npm owner ls cannes_poll
10 error There is likely additional logging output above.
11 error System Windows_NT 10.0.16299
12 error command "C:\\Program Files\\nodejs\\node.exe" "C:\\ProgramData\\chocolatey\\lib\\npm\\tools\\node_modules\\npm\\bin\\npm-cli.js" "run" "serve"
13 error cwd D:\shsg\dev\cannes_poll
14 error node -v v7.9.0
15 error npm -v 1.4.9
16 error code ELIFECYCLE
17 verbose exit [ 1, true ]
